<?xml version="1.0" encoding="UTF-8"?>
<testng-results ignored="0" total="2" passed="2" failed="0" skipped="0">
  <reporter-output>
  </reporter-output>
  <suite started-at="2025-02-14T20:05:19 IST" name="Master Suite" finished-at="2025-02-14T20:05:34 IST" duration-ms="14237">
    <groups>
      <group name="Master">
        <method signature="TC_001_AccountRegistrationPage.verify_account_Registration()[pri:0, instance:testCases.TC_001_AccountRegistrationPage@78d6692f]" name="verify_account_Registration" class="testCases.TC_001_AccountRegistrationPage"/>
        <method signature="TC_002_LoginTest.verifyLogin()[pri:0, instance:testCases.TC_002_LoginTest@8576fa0]" name="verifyLogin" class="testCases.TC_002_LoginTest"/>
      </group> <!-- Master -->
      <group name="Sanity">
        <method signature="TC_002_LoginTest.verifyLogin()[pri:0, instance:testCases.TC_002_LoginTest@8576fa0]" name="verifyLogin" class="testCases.TC_002_LoginTest"/>
      </group> <!-- Sanity -->
      <group name="Regression">
        <method signature="TC_001_AccountRegistrationPage.verify_account_Registration()[pri:0, instance:testCases.TC_001_AccountRegistrationPage@78d6692f]" name="verify_account_Registration" class="testCases.TC_001_AccountRegistrationPage"/>
      </group> <!-- Regression -->
    </groups>
    <test started-at="2025-02-14T20:05:19 IST" name="Test" finished-at="2025-02-14T20:05:34 IST" duration-ms="14237">
      <class name="testCases.TC_002_LoginTest">
        <test-method is-config="true" signature="setup(java.lang.String,java.lang.String)[pri:0, instance:testCases.TC_002_LoginTest@8576fa0]" started-at="2025-02-14T20:05:27 IST" name="setup" finished-at="2025-02-14T20:05:29 IST" duration-ms="2494" status="PASS">
          <params>
            <param index="0">
              <value>
                <![CDATA[Windows]]>
              </value>
            </param>
            <param index="1">
              <value>
                <![CDATA[chrome]]>
              </value>
            </param>
          </params>
          <reporter-output>
          </reporter-output>
        </test-method> <!-- setup -->
        <test-method signature="verifyLogin()[pri:0, instance:testCases.TC_002_LoginTest@8576fa0]" started-at="2025-02-14T20:05:29 IST" name="verifyLogin" finished-at="2025-02-14T20:05:33 IST" duration-ms="4249" status="PASS">
          <reporter-output>
          </reporter-output>
        </test-method> <!-- verifyLogin -->
        <test-method is-config="true" signature="tearDown()[pri:0, instance:testCases.TC_002_LoginTest@8576fa0]" started-at="2025-02-14T20:05:33 IST" name="tearDown" finished-at="2025-02-14T20:05:34 IST" duration-ms="290" status="PASS">
          <reporter-output>
          </reporter-output>
        </test-method> <!-- tearDown -->
      </class> <!-- testCases.TC_002_LoginTest -->
      <class name="testCases.TC_001_AccountRegistrationPage">
        <test-method is-config="true" signature="setup(java.lang.String,java.lang.String)[pri:0, instance:testCases.TC_001_AccountRegistrationPage@78d6692f]" started-at="2025-02-14T20:05:20 IST" name="setup" finished-at="2025-02-14T20:05:22 IST" duration-ms="2675" status="PASS">
          <params>
            <param index="0">
              <value>
                <![CDATA[Windows]]>
              </value>
            </param>
            <param index="1">
              <value>
                <![CDATA[chrome]]>
              </value>
            </param>
          </params>
          <reporter-output>
          </reporter-output>
        </test-method> <!-- setup -->
        <test-method signature="verify_account_Registration()[pri:0, instance:testCases.TC_001_AccountRegistrationPage@78d6692f]" started-at="2025-02-14T20:05:22 IST" name="verify_account_Registration" finished-at="2025-02-14T20:05:26 IST" duration-ms="3889" status="PASS">
          <reporter-output>
          </reporter-output>
        </test-method> <!-- verify_account_Registration -->
        <test-method is-config="true" signature="tearDown()[pri:0, instance:testCases.TC_001_AccountRegistrationPage@78d6692f]" started-at="2025-02-14T20:05:26 IST" name="tearDown" finished-at="2025-02-14T20:05:27 IST" duration-ms="277" status="PASS">
          <reporter-output>
          </reporter-output>
        </test-method> <!-- tearDown -->
      </class> <!-- testCases.TC_001_AccountRegistrationPage -->
    </test> <!-- Test -->
  </suite> <!-- Master Suite -->
</testng-results>
